[09/13/2022 12:02:21] Debug: Session id: 4ed44200-c2e2-4dc6-8569-47f5196a328c
[09/13/2022 12:02:21] Debug: Code Processor information: Name :SnowConvert, Version: 9.0.22.0
[09/13/2022 12:02:22] Debug: Getting license
[09/13/2022 12:02:22] Debug: License information
	Status: Failed
	Message: No active license available.
[09/13/2022 12:02:22] Info: Starting to validate parameters
[09/13/2022 12:02:22] Info: Parameters to validate: 
	Execution mode: Conversion
	LICENSE_KEY: a3372138-b87e-4a08-b929-3b48b24c63f1
[09/13/2022 12:02:22] Info: Validation of parameters: Success
[09/13/2022 12:02:22] Debug: Getting code descriptor
[09/13/2022 12:02:22] Debug: Code descriptor information
	Units: 51
	Units type: LOC
	All file bytes: 2141
	All found extensions: .sql,.dml,.ddl,.bteq,.btq,.fl,.fload,.ml,.mload,.mld,.tp,.tpump,.tpt
[09/13/2022 12:02:22] Debug: Calculating fingerprint
[09/13/2022 12:02:22] Debug: Fingerprint information Fingerprint(size=2141,projects=1)
[09/13/2022 12:02:22] Info: Starting to try to validate online license for execution
[09/13/2022 12:02:23] Debug: Getting license
[09/13/2022 12:02:23] Debug: License information
	Status: Failed
	Message: No active license available.
[09/13/2022 12:02:23] Debug: Starting the execution of the controller
[09/13/2022 12:02:24] Debug: Executing the worker: SnowConvert
[09/13/2022 12:02:34] Debug: Finished executing the worker: SnowConvert
[09/13/2022 12:02:36] Info: Controller execution ended
